Unity Editor version:    2022.3.9f1 (ea401c316338)
Branch:                  2022.3/staging
Build type:              Release
Batch mode:              YES
macOS version:           Version 13.0.1 (Build 22A400)
Darwin version:          22.1.0
Architecture:            x86_64
Running under Rosetta:   NO
Available memory:        8192 MB
Using pre-set license
Pro License: YES

COMMAND LINE ARGUMENTS:
/Applications/Unity/Hub/Editor/2022.3.9f1/Unity.app/Contents/MacOS/Unity
-adb2
-batchMode
-noUpm
-name
AssetImportWorker0
-projectPath
/Users/zouyuhe/Desktop/Unity_Games/VR-BALL_TOSS_GAME/My project
-logFile
Logs/AssetImportWorker0.log
-srvPort
49249
Successfully changed project path to: /Users/zouyuhe/Desktop/Unity_Games/VR-BALL_TOSS_GAME/My project
/Users/zouyuhe/Desktop/Unity_Games/VR-BALL_TOSS_GAME/My project
[UnityMemory] Configuration Parameters - Can be set up in boot.config
    "memorysetup-bucket-allocator-granularity=16"
    "memorysetup-bucket-allocator-bucket-count=8"
    "memorysetup-bucket-allocator-block-size=33554432"
    "memorysetup-bucket-allocator-block-count=8"
    "memorysetup-main-allocator-block-size=16777216"
    "memorysetup-thread-allocator-block-size=16777216"
    "memorysetup-gfx-main-allocator-block-size=16777216"
    "memorysetup-gfx-thread-allocator-block-size=16777216"
    "memorysetup-cache-allocator-block-size=4194304"
    "memorysetup-typetree-allocator-block-size=2097152"
    "memorysetup-profiler-bucket-allocator-granularity=16"
    "memorysetup-profiler-bucket-allocator-bucket-count=8"
    "memorysetup-profiler-bucket-allocator-block-size=33554432"
    "memorysetup-profiler-bucket-allocator-block-count=8"
    "memorysetup-profiler-allocator-block-size=16777216"
    "memorysetup-profiler-editor-allocator-block-size=1048576"
    "memorysetup-temp-allocator-size-main=16777216"
    "memorysetup-job-temp-allocator-block-size=2097152"
    "memorysetup-job-temp-allocator-block-size-background=1048576"
    "memorysetup-job-temp-allocator-reduction-small-platforms=262144"
    "memorysetup-allocator-temp-initial-block-size-main=262144"
    "memorysetup-allocator-temp-initial-block-size-worker=262144"
    "memorysetup-temp-allocator-size-background-worker=32768"
    "memorysetup-temp-allocator-size-job-worker=262144"
    "memorysetup-temp-allocator-size-preload-manager=33554432"
    "memorysetup-temp-allocator-size-nav-mesh-worker=65536"
    "memorysetup-temp-allocator-size-audio-worker=65536"
    "memorysetup-temp-allocator-size-cloud-worker=32768"
    "memorysetup-temp-allocator-size-gi-baking-worker=262144"
    "memorysetup-temp-allocator-size-gfx=262144"
Player connection [140704408859840] Host "[IP] 10.0.0.229 [Port] 0 [Flags] 2 [Guid] 1420943832 [EditorId] 1420943832 [Version] 1048832 [Id] OSXEditor(0,akas-MacBook-Pro.local) [Debug] 1 [PackageName] OSXEditor [ProjectName] Editor" joined multi-casting on [225.0.0.222:54997]...

Player connection [140704408859840] Host "[IP] 10.0.0.229 [Port] 0 [Flags] 2 [Guid] 1420943832 [EditorId] 1420943832 [Version] 1048832 [Id] OSXEditor(0,akas-MacBook-Pro.local) [Debug] 1 [PackageName] OSXEditor [ProjectName] Editor" joined alternative multi-casting on [225.0.0.222:34997]...

[Physics::Module] Initialized MultithreadedJobDispatcher with 3 workers.
Refreshing native plugins compatible for Editor in 7.17 ms, found 2 plugins.
Preloading 0 native plugins for Editor in 0.00 ms.
Initialize engine version: 2022.3.9f1 (ea401c316338)
[Subsystems] Discovering subsystems at path /Applications/Unity/Hub/Editor/2022.3.9f1/Unity.app/Contents/Resources/UnitySubsystems
[Subsystems] Discovering subsystems at path /Users/zouyuhe/Desktop/Unity_Games/VR-BALL_TOSS_GAME/My project/Assets
GfxDevice: creating device client; threaded=0; jobified=0
Color LCD preferred device: Intel(R) Iris(TM) Plus Graphics 640 (low power)
Metal devices available: 1
0: Intel(R) Iris(TM) Plus Graphics 640 (low power)
Using device Intel(R) Iris(TM) Plus Graphics 640 (low power)
Initializing Metal device caps: Intel(R) Iris(TM) Plus Graphics 640
Initialize mono
Mono path[0] = '/Applications/Unity/Hub/Editor/2022.3.9f1/Unity.app/Contents/Managed'
Mono path[1] = '/Applications/Unity/Hub/Editor/2022.3.9f1/Unity.app/Contents/MonoBleedingEdge/lib/mono/unityjit-macos'
Mono config path = '/Applications/Unity/Hub/Editor/2022.3.9f1/Unity.app/Contents/MonoBleedingEdge/etc'
Using monoOptions --debugger-agent=transport=dt_socket,embedding=1,server=y,suspend=n,address=127.0.0.1:56640
Begin MonoManager ReloadAssembly
Registering precompiled unity dll's ...
Register platform support module: /Applications/Unity/Hub/Editor/2022.3.9f1/PlaybackEngines/WebGLSupport/UnityEditor.WebGL.Extensions.dll
Register platform support module: /Applications/Unity/Hub/Editor/2022.3.9f1/Unity.app/Contents/PlaybackEngines/MacStandaloneSupport/UnityEditor.OSXStandalone.Extensions.dll
Register platform support module: /Applications/Unity/Hub/Editor/2022.3.9f1/PlaybackEngines/iOSSupport/UnityEditor.iOS.Extensions.dll
Registered in 0.003660 seconds.
- Loaded All Assemblies, in  0.585 seconds
[usbmuxd] Start listen thread
[usbmuxd] Listen thread started
[usbmuxd] Send listen message
Native extension for iOS target not found
Native extension for OSXStandalone target not found
Native extension for WebGL target not found
Mono: successfully reloaded assembly
- Finished resetting the current domain, in  0.556 seconds
Domain Reload Profiling: 1141ms
	BeginReloadAssembly (136ms)
		ExecutionOrderSort (0ms)
		DisableScriptedObjects (0ms)
		BackupInstance (0ms)
		ReleaseScriptingObjects (0ms)
		CreateAndSetChildDomain (1ms)
	RebuildCommonClasses (68ms)
	RebuildNativeTypeToScriptingClass (19ms)
	initialDomainReloadingComplete (80ms)
	LoadAllAssembliesAndSetupDomain (281ms)
		LoadAssemblies (136ms)
		RebuildTransferFunctionScriptingTraits (0ms)
		AnalyzeDomain (278ms)
			TypeCache.Refresh (275ms)
				TypeCache.ScanAssembly (247ms)
			ScanForSourceGeneratedMonoScriptInfo (0ms)
			ResolveRequiredComponents (1ms)
	FinalizeReload (556ms)
		ReleaseScriptCaches (0ms)
		RebuildScriptCaches (0ms)
		SetupLoadedEditorAssemblies (446ms)
			LogAssemblyErrors (0ms)
			InitializePlatformSupportModulesInManaged (146ms)
			SetLoadedEditorAssemblies (10ms)
			RefreshPlugins (0ms)
			BeforeProcessingInitializeOnLoad (4ms)
			ProcessInitializeOnLoadAttributes (216ms)
			ProcessInitializeOnLoadMethodAttributes (71ms)
			AfterProcessingInitializeOnLoad (0ms)
			EditorAssembliesLoaded (0ms)
		ExecutionOrderSort2 (0ms)
		AwakeInstancesAfterBackupRestoration (0ms)
========================================================================
Worker process is ready to serve import requests
Begin MonoManager ReloadAssembly
- Loaded All Assemblies, in  1.047 seconds
Refreshing native plugins compatible for Editor in 3.06 ms, found 2 plugins.
Native extension for iOS target not found
Native extension for OSXStandalone target not found
Native extension for WebGL target not found
Package Manager log level set to [2]
[Package Manager] Server::EnsureServerProcessIsRunning -- launch failed, reason: Unity was launched with the -noUpm command-line argument
[Package Manager] UpmClient::Send -- Unable to send message (not connected to UPM process).
[Package Manager] Cannot connect to Unity Package Manager local server
[Package Manager] Server::EnsureServerProcessIsRunning -- launch failed, reason: Unity was launched with the -noUpm command-line argument
[Package Manager] UpmClient::Send -- Unable to send message (not connected to UPM process).
[Package Manager] Cannot connect to Unity Package Manager local server
Mono: successfully reloaded assembly
[Package Manager] Server::EnsureServerProcessIsRunning -- launch failed, reason: Unity was launched with the -noUpm command-line argument
[Package Manager] UpmClient::Send -- Unable to send message (not connected to UPM process).
[Package Manager] Cannot connect to Unity Package Manager local server
[Package Manager] Server::EnsureServerProcessIsRunning -- launch failed, reason: Unity was launched with the -noUpm command-line argument
[Package Manager] UpmClient::Send -- Unable to send message (not connected to UPM process).
[Package Manager] Cannot connect to Unity Package Manager local server
- Finished resetting the current domain, in  0.890 seconds
Domain Reload Profiling: 1937ms
	BeginReloadAssembly (218ms)
		ExecutionOrderSort (0ms)
		DisableScriptedObjects (9ms)
		BackupInstance (0ms)
		ReleaseScriptingObjects (0ms)
		CreateAndSetChildDomain (47ms)
	RebuildCommonClasses (60ms)
	RebuildNativeTypeToScriptingClass (18ms)
	initialDomainReloadingComplete (61ms)
	LoadAllAssembliesAndSetupDomain (689ms)
		LoadAssemblies (467ms)
		RebuildTransferFunctionScriptingTraits (0ms)
		AnalyzeDomain (325ms)
			TypeCache.Refresh (288ms)
				TypeCache.ScanAssembly (259ms)
			ScanForSourceGeneratedMonoScriptInfo (26ms)
			ResolveRequiredComponents (8ms)
	FinalizeReload (891ms)
		ReleaseScriptCaches (0ms)
		RebuildScriptCaches (0ms)
		SetupLoadedEditorAssemblies (630ms)
			LogAssemblyErrors (0ms)
			InitializePlatformSupportModulesInManaged (37ms)
			SetLoadedEditorAssemblies (5ms)
			RefreshPlugins (0ms)
			BeforeProcessingInitializeOnLoad (82ms)
			ProcessInitializeOnLoadAttributes (472ms)
			ProcessInitializeOnLoadMethodAttributes (32ms)
			AfterProcessingInitializeOnLoad (3ms)
			EditorAssembliesLoaded (0ms)
		ExecutionOrderSort2 (0ms)
		AwakeInstancesAfterBackupRestoration (7ms)
Launching external process: /Applications/Unity/Hub/Editor/2022.3.9f1/Unity.app/Contents/Tools/UnityShaderCompiler
Launched and connected shader compiler UnityShaderCompiler after 0.10 seconds
Refreshing native plugins compatible for Editor in 3.37 ms, found 2 plugins.
Preloading 0 native plugins for Editor in 0.00 ms.
Unloading 3174 Unused Serialized files (Serialized files now loaded: 0)
Unloading 32 unused Assets / (51.5 KB). Loaded Objects now: 3639.
Memory consumption went from 121.9 MB to 121.8 MB.
Total: 4.548147 ms (FindLiveObjects: 0.311267 ms CreateObjectMapping: 0.176116 ms MarkObjects: 3.937834 ms  DeleteObjects: 0.121866 ms)

AssetImportParameters requested are different than current active one (requested -> active):
  custom:container-demuxer-ogg: 62fdf1f143b41e24485cea50d1cbac27 -> 
  custom:video-decoder-ogg-theora: a1e56fd34408186e4bbccfd4996cb3dc -> 
  custom:CustomObjectIndexerAttribute: 756ad292c208cfabdd7b50bc23989ffe -> 
  custom:container-demuxer-webm: 4f35f7cbe854078d1ac9338744f61a02 -> 
  custom:container-muxer-webm: aa71ff27fc2769a1b78a27578f13a17b -> 
  custom:video-decoder-webm-vp8: 9c59270c3fd7afecdb556c50c9e8de78 -> 
  custom:SearchIndexIgnoredProperties: e643bd26f0fe6173181afceb89e7c659 -> 
  custom:AudioImporter_EditorPlatform: 3918e3fc78b5a79bad01e8451be0beb8 -> 
  custom:framework-osx-AVFoundation: e770b220cccbd017edd2c1fefb359320 -> 
  custom:video-encoder-webm-vp8: eb34c28f22e8b96e1ab97ce403110664 -> 
  custom:audio-decoder-ogg-vorbis: bf7c407c2cedff20999df2af8eb42d56 -> 
  custom:audio-encoder-webm-vorbis: bf7c407c2cedff20999df2af8eb42d56 -> 
========================================================================
Received Import Request.
  Time since last request: 132537.924125 seconds.
  path: Assets/Scripts/GameManager.cs
  artifactKey: Guid(8ed187b3c9b3d4efa9ba1c06f74857af) Importer(815301076,1909f56bfc062723c751e8b465ee728b)
Start importing Assets/Scripts/GameManager.cs using Guid(8ed187b3c9b3d4efa9ba1c06f74857af) Importer(815301076,1909f56bfc062723c751e8b465ee728b)  -> (artifact id: 'dd185d9ea68905ccee007e3d55e7c4ac') in 0.003164 seconds
Number of updated asset objects reloaded before import = 0
Number of asset objects unloaded after import = 0
========================================================================
Received Import Request.
  Time since last request: 0.000086 seconds.
  path: Assets/Scripts/PlayerMovement.cs
  artifactKey: Guid(0a28c490a179d44b7a9b872dad5bd365) Importer(815301076,1909f56bfc062723c751e8b465ee728b)
Start importing Assets/Scripts/PlayerMovement.cs using Guid(0a28c490a179d44b7a9b872dad5bd365) Importer(815301076,1909f56bfc062723c751e8b465ee728b)  -> (artifact id: 'f28503256f82164e3756c1d00f431e61') in 0.000560 seconds
Number of updated asset objects reloaded before import = 0
Number of asset objects unloaded after import = 0
========================================================================
Received Import Request.
  Time since last request: 166.262396 seconds.
  path: Assets/Scifi-Gun/Baked Textures/Gun_Sci-Fi_1_pbr_diffuse.png
  artifactKey: Guid(88ee27af1385ecc479b150213b9a46ae) Importer(815301076,1909f56bfc062723c751e8b465ee728b)
Start importing Assets/Scifi-Gun/Baked Textures/Gun_Sci-Fi_1_pbr_diffuse.png using Guid(88ee27af1385ecc479b150213b9a46ae) Importer(815301076,1909f56bfc062723c751e8b465ee728b)  -> (artifact id: 'b27f3f3b180831ca20bc39680185e21f') in 0.094801 seconds
Number of updated asset objects reloaded before import = 0
Number of asset objects unloaded after import = 2
========================================================================
Received Import Request.
  Time since last request: 0.000137 seconds.
  path: Assets/Scifi-Gun/Baked Textures/Gun_Sci-Fi_1_pbr_metalness.png
  artifactKey: Guid(04420fc71f99df444a07bd29a20f2a9c) Importer(815301076,1909f56bfc062723c751e8b465ee728b)
Start importing Assets/Scifi-Gun/Baked Textures/Gun_Sci-Fi_1_pbr_metalness.png using Guid(04420fc71f99df444a07bd29a20f2a9c) Importer(815301076,1909f56bfc062723c751e8b465ee728b)  -> (artifact id: '199813f5fd2d404ca0146b7b5e88694c') in 0.018374 seconds
Number of updated asset objects reloaded before import = 0
Number of asset objects unloaded after import = 2
========================================================================
Received Import Request.
  Time since last request: 0.000151 seconds.
  path: Assets/Scifi-Gun/Baked Textures/Gun_Sci-Fi_1_specials_ao.png
  artifactKey: Guid(a9d66921658147940b02e93bdd316581) Importer(815301076,1909f56bfc062723c751e8b465ee728b)
Start importing Assets/Scifi-Gun/Baked Textures/Gun_Sci-Fi_1_specials_ao.png using Guid(a9d66921658147940b02e93bdd316581) Importer(815301076,1909f56bfc062723c751e8b465ee728b)  -> (artifact id: 'eb80e47805fbecb27628946a0cfc0a8d') in 0.012801 seconds
Number of updated asset objects reloaded before import = 0
Number of asset objects unloaded after import = 2
========================================================================
Received Import Request.
  Time since last request: 0.000102 seconds.
  path: Assets/Scifi-Gun/Baked Textures/Gun_Sci-Fi_1_pbr_roughness.png
  artifactKey: Guid(9ba99c6446d0f2f44b09a672fcf9ebe5) Importer(815301076,1909f56bfc062723c751e8b465ee728b)
Start importing Assets/Scifi-Gun/Baked Textures/Gun_Sci-Fi_1_pbr_roughness.png using Guid(9ba99c6446d0f2f44b09a672fcf9ebe5) Importer(815301076,1909f56bfc062723c751e8b465ee728b)  -> (artifact id: 'e646e0bb81f7e098aecb1c90a366a54c') in 0.014467 seconds
Number of updated asset objects reloaded before import = 0
Number of asset objects unloaded after import = 2
========================================================================
Received Import Request.
  Time since last request: 0.000147 seconds.
  path: Assets/Scifi-Gun/Baked Textures/Gun_Sci-Fi_1_pbr_emission.png
  artifactKey: Guid(eea1140191a312043af9d55adab51541) Importer(815301076,1909f56bfc062723c751e8b465ee728b)
Start importing Assets/Scifi-Gun/Baked Textures/Gun_Sci-Fi_1_pbr_emission.png using Guid(eea1140191a312043af9d55adab51541) Importer(815301076,1909f56bfc062723c751e8b465ee728b)  -> (artifact id: 'f8c203c2b4aab1aef45ad0697be7fc02') in 0.026445 seconds
Number of updated asset objects reloaded before import = 0
Number of asset objects unloaded after import = 2
========================================================================
Received Import Request.
  Time since last request: 3.638994 seconds.
  path: Assets/Scifi-Gun/Prefabs/ScifiHandGun_Baked_Maps.prefab
  artifactKey: Guid(3f29914b413904d40a89e972f348ebd8) Importer(815301076,1909f56bfc062723c751e8b465ee728b)
Start importing Assets/Scifi-Gun/Prefabs/ScifiHandGun_Baked_Maps.prefab using Guid(3f29914b413904d40a89e972f348ebd8) Importer(815301076,1909f56bfc062723c751e8b465ee728b)  -> (artifact id: '1c2beccfdc9f5138e5eb9762eaa13dc5') in 0.118722 seconds
Number of updated asset objects reloaded before import = 0
Number of asset objects unloaded after import = 13
========================================================================
Received Import Request.
  Time since last request: 0.000098 seconds.
  path: Assets/Scifi-Gun/Prefabs/ScifiHandGun_No Bake.prefab
  artifactKey: Guid(ec9b80e9a8b620d49832ad7d80f4b8a9) Importer(815301076,1909f56bfc062723c751e8b465ee728b)
Start importing Assets/Scifi-Gun/Prefabs/ScifiHandGun_No Bake.prefab using Guid(ec9b80e9a8b620d49832ad7d80f4b8a9) Importer(815301076,1909f56bfc062723c751e8b465ee728b)  -> (artifact id: '95a1a6719b4dcb8a291f858265c4b18b') in 0.030045 seconds
Number of updated asset objects reloaded before import = 0
Number of asset objects unloaded after import = 12
========================================================================
Received Import Request.
  Time since last request: 41.144042 seconds.
  path: Assets/Scifi-Gun/Baked Textures
  artifactKey: Guid(83800c68c837ad84a873541e8cef0685) Importer(815301076,1909f56bfc062723c751e8b465ee728b)
Start importing Assets/Scifi-Gun/Baked Textures using Guid(83800c68c837ad84a873541e8cef0685) Importer(815301076,1909f56bfc062723c751e8b465ee728b)  -> (artifact id: '5c355e7a5d96533bfd66be980049e12e') in 0.000895 seconds
Number of updated asset objects reloaded before import = 0
Number of asset objects unloaded after import = 0
========================================================================
Received Import Request.
  Time since last request: 139.376366 seconds.
  path: Assets/Scifi-Gun/Gun Model/With Baked Maps/ScifiHandGun_Baked_Maps.fbx
  artifactKey: Guid(28ebbcd7f4773384e867c255af2c669b) Importer(815301076,1909f56bfc062723c751e8b465ee728b)
Start importing Assets/Scifi-Gun/Gun Model/With Baked Maps/ScifiHandGun_Baked_Maps.fbx using Guid(28ebbcd7f4773384e867c255af2c669b) Importer(815301076,1909f56bfc062723c751e8b465ee728b)  -> (artifact id: '96f00832e699bfabb52a391fee6f6f25') in 0.088705 seconds
Number of updated asset objects reloaded before import = 0
Number of asset objects unloaded after import = 12
